e:\vs2017\qt\qt5dev\chapter7\graphicsitem\graphicsitem\x64\debug\flashitem.obj
e:\vs2017\qt\qt5dev\chapter7\graphicsitem\graphicsitem\x64\debug\moc_namewindow.obj
e:\vs2017\qt\qt5dev\chapter7\graphicsitem\graphicsitem\x64\debug\startitem.obj
e:\vs2017\qt\qt5dev\chapter7\graphicsitem\graphicsitem\x64\debug\qrc_namewindow.obj
e:\vs2017\qt\qt5dev\chapter7\graphicsitem\graphicsitem\x64\debug\moc_flashitem.obj
e:\vs2017\qt\qt5dev\chapter7\graphicsitem\graphicsitem\x64\debug\main.obj
e:\vs2017\qt\qt5dev\chapter7\graphicsitem\graphicsitem\x64\debug\namewindow.obj
e:\vs2017\qt\qt5dev\chapter7\graphicsitem\graphicsitem\x64\debug\uic\ui_namewindow.h
e:\vs2017\qt\qt5dev\chapter7\graphicsitem\graphicsitem\x64\debug\rcc\qrc_namewindow.cpp
e:\vs2017\qt\qt5dev\chapter7\graphicsitem\graphicsitem\x64\debug\moc\moc_namewindow.cpp
e:\vs2017\qt\qt5dev\chapter7\graphicsitem\graphicsitem\x64\debug\moc\moc_flashitem.cpp
e:\vs2017\qt\qt5dev\chapter7\graphicsitem\graphicsitem\x64\debug\moc\moc_startitem.cpp
e:\vs2017\qt\qt5dev\chapter7\graphicsitem\graphicsitem\x64\debug\\moc\moc_namewindow.cpp
e:\vs2017\qt\qt5dev\chapter7\graphicsitem\graphicsitem\x64\debug\\moc\moc_flashitem.cpp
e:\vs2017\qt\qt5dev\chapter7\graphicsitem\graphicsitem\x64\debug\\moc\moc_startitem.cpp
e:\vs2017\qt\qt5dev\chapter7\graphicsitem\graphicsitem\x64\debug\\rcc\qrc_namewindow.cpp
e:\vs2017\qt\qt5dev\chapter7\graphicsitem\graphicsitem\x64\debug\\uic\ui_namewindow.h
e:\vs2017\qt\qt5dev\chapter7\graphicsitem\graphicsitem\x64\debug\vc141.pdb
e:\vs2017\qt\qt5dev\chapter7\graphicsitem\graphicsitem\x64\debug\graphicsitem.tlog\cl.command.1.tlog
e:\vs2017\qt\qt5dev\chapter7\graphicsitem\graphicsitem\x64\debug\graphicsitem.tlog\cl.read.1.tlog
e:\vs2017\qt\qt5dev\chapter7\graphicsitem\graphicsitem\x64\debug\graphicsitem.tlog\cl.write.1.tlog
e:\vs2017\qt\qt5dev\chapter7\graphicsitem\graphicsitem\x64\debug\graphicsitem.tlog\graphicsitem.write.1u.tlog
e:\vs2017\qt\qt5dev\chapter7\graphicsitem\graphicsitem\x64\debug\graphicsitem.tlog\moc.read.1u.tlog
e:\vs2017\qt\qt5dev\chapter7\graphicsitem\graphicsitem\x64\debug\graphicsitem.tlog\moc.write.1u.tlog
e:\vs2017\qt\qt5dev\chapter7\graphicsitem\graphicsitem\x64\debug\graphicsitem.tlog\rcc.read.1u.tlog
e:\vs2017\qt\qt5dev\chapter7\graphicsitem\graphicsitem\x64\debug\graphicsitem.tlog\rcc.write.1u.tlog
e:\vs2017\qt\qt5dev\chapter7\graphicsitem\graphicsitem\x64\debug\graphicsitem.tlog\uic.read.1u.tlog
e:\vs2017\qt\qt5dev\chapter7\graphicsitem\graphicsitem\x64\debug\graphicsitem.tlog\uic.write.1u.tlog
