e:\vs2017\vs\imageprocessor\imageprocessor\x64\debug\moc_showwidget.obj
e:\vs2017\vs\imageprocessor\imageprocessor\x64\debug\showwidget.obj
e:\vs2017\vs\imageprocessor\imageprocessor\x64\debug\imgprocessor.obj
e:\vs2017\vs\imageprocessor\imageprocessor\x64\debug\moc_imgprocessor.obj
e:\vs2017\vs\imageprocessor\imageprocessor\x64\debug\qrc_imgprocessor.obj
e:\vs2017\vs\imageprocessor\imageprocessor\x64\debug\main.obj
e:\vs2017\vs\imageprocessor\imageprocessor\x64\debug\vc141.pdb
e:\vs2017\vs\imageprocessor\imageprocessor\x64\debug\uic\ui_imgprocessor.h
e:\vs2017\vs\imageprocessor\imageprocessor\x64\debug\rcc\qrc_imgprocessor.cpp
e:\vs2017\vs\imageprocessor\imageprocessor\x64\debug\moc\moc_imgprocessor.cpp
e:\vs2017\vs\imageprocessor\imageprocessor\x64\debug\moc\moc_showwidget.cpp
e:\vs2017\vs\imageprocessor\x64\debug\imageprocessor.exe
e:\vs2017\vs\imageprocessor\x64\debug\imageprocessor.ilk
e:\vs2017\vs\imageprocessor\x64\debug\imageprocessor.pdb
e:\vs2017\vs\imageprocessor\imageprocessor\x64\debug\\moc\moc_imgprocessor.cpp
e:\vs2017\vs\imageprocessor\imageprocessor\x64\debug\\moc\moc_showwidget.cpp
e:\vs2017\vs\imageprocessor\imageprocessor\x64\debug\\rcc\qrc_imgprocessor.cpp
e:\vs2017\vs\imageprocessor\imageprocessor\x64\debug\\uic\ui_imgprocessor.h
e:\vs2017\vs\imageprocessor\imageprocessor\x64\debug\imageprocessor.tlog\cl.command.1.tlog
e:\vs2017\vs\imageprocessor\imageprocessor\x64\debug\imageprocessor.tlog\cl.read.1.tlog
e:\vs2017\vs\imageprocessor\imageprocessor\x64\debug\imageprocessor.tlog\cl.write.1.tlog
e:\vs2017\vs\imageprocessor\imageprocessor\x64\debug\imageprocessor.tlog\imageprocessor.write.1u.tlog
e:\vs2017\vs\imageprocessor\imageprocessor\x64\debug\imageprocessor.tlog\link.command.1.tlog
e:\vs2017\vs\imageprocessor\imageprocessor\x64\debug\imageprocessor.tlog\link.read.1.tlog
e:\vs2017\vs\imageprocessor\imageprocessor\x64\debug\imageprocessor.tlog\link.write.1.tlog
e:\vs2017\vs\imageprocessor\imageprocessor\x64\debug\imageprocessor.tlog\moc.read.1u.tlog
e:\vs2017\vs\imageprocessor\imageprocessor\x64\debug\imageprocessor.tlog\moc.write.1u.tlog
e:\vs2017\vs\imageprocessor\imageprocessor\x64\debug\imageprocessor.tlog\rcc.read.1u.tlog
e:\vs2017\vs\imageprocessor\imageprocessor\x64\debug\imageprocessor.tlog\rcc.write.1u.tlog
e:\vs2017\vs\imageprocessor\imageprocessor\x64\debug\imageprocessor.tlog\uic.read.1u.tlog
e:\vs2017\vs\imageprocessor\imageprocessor\x64\debug\imageprocessor.tlog\uic.write.1u.tlog
